<?xml version="1.0" encoding="UTF-8"?>
<!-- Generated by org.testng.reporters.JUnitReportReporter -->
<testsuite hostname="SOHAN-PC" failures="0" tests="4" name="api.test.StoreTests" time="5.807" errors="0" timestamp="2023-11-29T23:10:48 IST" skipped="0">
  <testcase classname="api.test.StoreTests" name="testInventoryReturns" time="1.493"/>
  <system-out/>
  <testcase classname="api.test.StoreTests" name="testPlaceOrderPet" time="1.400"/>
  <system-out/>
  <testcase classname="api.test.StoreTests" name="testPurchaseOrderId" time="1.440"/>
  <system-out/>
  <testcase classname="api.test.StoreTests" name="testDeleteOrderId" time="1.474"/>
  <system-out/>
</testsuite> <!-- api.test.StoreTests -->
