<?xml version="1.0" encoding="UTF-8"?>
<!-- Generated by org.testng.reporters.JUnitReportReporter -->
<testsuite hostname="SOHAN-PC" failures="0" tests="3" name="api.test.UserTest" time="7.371" errors="0" timestamp="2023-11-29T23:10:48 IST" skipped="0">
  <testcase classname="api.test.UserTest" name="testPostUser" time="4.479"/>
  <system-out/>
  <testcase classname="api.test.UserTest" name="testGetUserName" time="1.479"/>
  <system-out/>
  <testcase classname="api.test.UserTest" name="testUpdateUser" time="1.413"/>
  <system-out/>
</testsuite> <!-- api.test.UserTest -->
