<?xml version="1.0" encoding="UTF-8"?>
<!-- Generated by org.testng.reporters.JUnitReportReporter -->
<testsuite hostname="SOHAN-PC" failures="0" tests="6" name="api.test.DDTests" time="11.402" errors="0" timestamp="2023-11-28T16:48:23 IST" skipped="0">
  <testcase classname="api.test.DDTests" name="testPostuser" time="5.172"/>
  <system-out/>
  <testcase classname="api.test.DDTests" name="testPostuser" time="1.326"/>
  <system-out/>
  <testcase classname="api.test.DDTests" name="testPostuser" time="1.192"/>
  <system-out/>
  <testcase classname="api.test.DDTests" name="testDeleteUserByName" time="1.150"/>
  <system-out/>
  <testcase classname="api.test.DDTests" name="testDeleteUserByName" time="1.306"/>
  <system-out/>
  <testcase classname="api.test.DDTests" name="testDeleteUserByName" time="1.256"/>
  <system-out/>
</testsuite> <!-- api.test.DDTests -->
